::1 - - [30/Oct/2024:11:09:09 +0300] "GET /index.php HTTP/1.1" 200 74977
::1 - - [30/Oct/2024:11:10:09 +0300] "GET / HTTP/1.1" 200 75787
::1 - - [30/Oct/2024:11:11:08 +0300] "-" 408 -
::1 - - [30/Oct/2024:11:17:13 +0300] "GET / HTTP/1.1" 200 411
::1 - - [30/Oct/2024:11:17:26 +0300] "POST /display.php HTTP/1.1" 200 49
::1 - - [30/Oct/2024:11:18:26 +0300] "-" 408 -
::1 - - [30/Oct/2024:11:23:45 +0300] "GET /favicon.ico HTTP/1.1" 404 196
::1 - - [30/Oct/2024:11:23:59 +0300] "GET /helllo.php HTTP/1.1" 404 196
::1 - - [30/Oct/2024:11:24:56 +0300] "GET /helllo.php HTTP/1.1" 404 196
::1 - - [30/Oct/2024:11:25:04 +0300] "GET /hello.php HTTP/1.1" 200 29
::1 - - [30/Oct/2024:11:25:36 +0300] "GET /hello.php HTTP/1.1" 200 40
::1 - - [30/Oct/2024:11:25:50 +0300] "GET /hello.php HTTP/1.1" 200 29
::1 - - [30/Oct/2024:11:26:50 +0300] "-" 408 -
::1 - - [30/Oct/2024:11:32:29 +0300] "GET /hello.php HTTP/1.1" 200 168
::1 - - [30/Oct/2024:11:33:29 +0300] "-" 408 -
::1 - - [30/Oct/2024:11:36:12 +0300] "GET /hello.php HTTP/1.1" 200 214
::1 - - [30/Oct/2024:11:37:12 +0300] "-" 408 -
::1 - - [30/Oct/2024:11:38:49 +0300] "GET /hello.php HTTP/1.1" 200 216
::1 - - [30/Oct/2024:11:39:49 +0300] "-" 408 -
::1 - - [30/Oct/2024:11:41:39 +0300] "GET /hello.php HTTP/1.1" 200 219
::1 - - [30/Oct/2024:11:42:39 +0300] "-" 408 -
::1 - - [30/Oct/2024:11:43:46 +0300] "GET /hello.php HTTP/1.1" 200 133
::1 - - [30/Oct/2024:11:44:46 +0300] "-" 408 -
::1 - - [30/Oct/2024:11:45:08 +0300] "GET /hello.php HTTP/1.1" 200 236
::1 - - [30/Oct/2024:11:46:08 +0300] "-" 408 -
::1 - - [30/Oct/2024:11:54:51 +0300] "GET /hello.php HTTP/1.1" 200 241
::1 - - [30/Oct/2024:11:55:51 +0300] "-" 408 -
::1 - - [30/Oct/2024:11:58:39 +0300] "GET /hello.php HTTP/1.1" 200 239
::1 - - [30/Oct/2024:11:58:48 +0300] "GET /hello.php HTTP/1.1" 200 344
::1 - - [30/Oct/2024:11:59:07 +0300] "GET /hello.php HTTP/1.1" 200 239
::1 - - [30/Oct/2024:12:00:07 +0300] "-" 408 -
::1 - - [30/Oct/2024:12:08:22 +0300] "GET /hello.php HTTP/1.1" 200 187
::1 - - [30/Oct/2024:12:09:22 +0300] "-" 408 -
::1 - - [30/Oct/2024:12:09:32 +0300] "GET /hello.php HTTP/1.1" 200 170
::1 - - [30/Oct/2024:12:09:52 +0300] "GET /hello.php HTTP/1.1" 200 155
::1 - - [30/Oct/2024:12:10:52 +0300] "-" 408 -
::1 - - [30/Oct/2024:12:47:08 +0300] "GET /hello.php HTTP/1.1" 200 36
::1 - - [30/Oct/2024:12:48:08 +0300] "-" 408 -
::1 - - [30/Oct/2024:12:48:41 +0300] "GET /hello.php HTTP/1.1" 200 55
::1 - - [30/Oct/2024:12:48:57 +0300] "GET /hello.php HTTP/1.1" 200 45
::1 - - [30/Oct/2024:12:49:03 +0300] "GET /hello.php HTTP/1.1" 200 44
::1 - - [30/Oct/2024:12:49:08 +0300] "GET /hello.php HTTP/1.1" 200 43
::1 - - [30/Oct/2024:12:49:57 +0300] "GET /hello.php HTTP/1.1" 200 61
::1 - - [30/Oct/2024:12:50:04 +0300] "GET /hello.php HTTP/1.1" 200 62
::1 - - [30/Oct/2024:12:50:05 +0300] "GET /hello.php HTTP/1.1" 200 62
::1 - - [30/Oct/2024:12:50:11 +0300] "GET /hello.php HTTP/1.1" 200 65
::1 - - [30/Oct/2024:12:50:11 +0300] "GET /hello.php HTTP/1.1" 200 65
::1 - - [30/Oct/2024:12:50:12 +0300] "GET /hello.php HTTP/1.1" 200 65
::1 - - [30/Oct/2024:12:50:12 +0300] "GET /hello.php HTTP/1.1" 200 65
::1 - - [30/Oct/2024:12:50:33 +0300] "GET /hello.php HTTP/1.1" 200 64
::1 - - [30/Oct/2024:12:50:42 +0300] "GET /hello.php HTTP/1.1" 200 65
::1 - - [30/Oct/2024:12:50:52 +0300] "GET /hello.php HTTP/1.1" 200 61
::1 - - [30/Oct/2024:12:51:52 +0300] "-" 408 -
::1 - - [30/Oct/2024:13:00:51 +0300] "GET /hello.php HTTP/1.1" 200 125
::1 - - [30/Oct/2024:13:01:20 +0300] "GET /hello.php HTTP/1.1" 200 135
::1 - - [30/Oct/2024:13:01:43 +0300] "GET /hello.php HTTP/1.1" 200 139
::1 - - [30/Oct/2024:13:02:43 +0300] "-" 408 -
::1 - - [30/Oct/2024:13:35:37 +0300] "GET /hello.php HTTP/1.1" 200 139
::1 - - [30/Oct/2024:13:36:37 +0300] "-" 408 -
127.0.0.1 - - [30/Oct/2024:14:21:26 +0300] "GET /favicon.ico HTTP/1.1" 404 196
::1 - - [30/Oct/2024:17:49:20 +0300] "GET /hello.php HTTP/1.1" 200 153
::1 - - [30/Oct/2024:17:49:27 +0300] "GET /hello.php HTTP/1.1" 200 158
::1 - - [30/Oct/2024:17:50:27 +0300] "-" 408 -
::1 - - [31/Oct/2024:10:06:54 +0300] "GET /favicon.ico HTTP/1.1" 404 196
::1 - - [31/Oct/2024:10:06:56 +0300] "GET /hello.php HTTP/1.1" 200 158
::1 - - [31/Oct/2024:10:07:54 +0300] "-" 408 -
::1 - - [31/Oct/2024:10:08:54 +0300] "GET /hello.php HTTP/1.1" 200 174
::1 - - [31/Oct/2024:10:09:30 +0300] "GET /hello.php HTTP/1.1" 200 174
::1 - - [31/Oct/2024:10:09:31 +0300] "GET /hello.php HTTP/1.1" 200 174
::1 - - [31/Oct/2024:10:09:31 +0300] "GET /hello.php HTTP/1.1" 200 174
::1 - - [31/Oct/2024:10:10:30 +0300] "-" 408 -
::1 - - [31/Oct/2024:10:11:05 +0300] "GET /hello.php HTTP/1.1" 200 174
::1 - - [31/Oct/2024:10:11:43 +0300] "GET /hello.php HTTP/1.1" 200 174
::1 - - [31/Oct/2024:10:12:43 +0300] "-" 408 -
::1 - - [31/Oct/2024:10:12:43 +0300] "GET /hello.php HTTP/1.1" 200 158
::1 - - [31/Oct/2024:10:13:43 +0300] "-" 408 -
::1 - - [31/Oct/2024:10:16:44 +0300] "GET /hello.php HTTP/1.1" 200 174
::1 - - [31/Oct/2024:10:17:08 +0300] "GET /hello.php HTTP/1.1" 200 218
::1 - - [31/Oct/2024:10:17:27 +0300] "GET /hello.php HTTP/1.1" 200 218
::1 - - [31/Oct/2024:10:17:28 +0300] "GET /hello.php HTTP/1.1" 200 218
::1 - - [31/Oct/2024:10:17:28 +0300] "GET /hello.php HTTP/1.1" 200 218
::1 - - [31/Oct/2024:10:17:56 +0300] "GET /hello.php HTTP/1.1" 200 225
::1 - - [31/Oct/2024:10:18:04 +0300] "GET /hello.php HTTP/1.1" 200 232
::1 - - [31/Oct/2024:10:19:04 +0300] "-" 408 -
::1 - - [31/Oct/2024:10:20:02 +0300] "GET /hello.php HTTP/1.1" 200 225
::1 - - [31/Oct/2024:10:20:31 +0300] "GET /hello.php HTTP/1.1" 200 218
::1 - - [31/Oct/2024:10:21:31 +0300] "-" 408 -
::1 - - [31/Oct/2024:10:22:53 +0300] "GET /hello.php HTTP/1.1" 200 218
::1 - - [31/Oct/2024:10:23:03 +0300] "GET /hello.php HTTP/1.1" 200 223
::1 - - [31/Oct/2024:10:24:03 +0300] "-" 408 -
::1 - - [31/Oct/2024:10:28:06 +0300] "GET /hello.php HTTP/1.1" 200 130
::1 - - [31/Oct/2024:10:29:06 +0300] "GET /hello.php HTTP/1.1" 200 223
::1 - - [31/Oct/2024:10:30:06 +0300] "-" 408 -
::1 - - [31/Oct/2024:10:42:48 +0300] "GET /favicon.ico HTTP/1.1" 404 196
::1 - - [31/Oct/2024:11:17:10 +0300] "GET /hello.php HTTP/1.1" 200 297
::1 - - [31/Oct/2024:11:18:04 +0300] "GET /hello.php HTTP/1.1" 200 675
::1 - - [31/Oct/2024:11:18:44 +0300] "GET /hello.php HTTP/1.1" 200 170
::1 - - [31/Oct/2024:11:19:00 +0300] "GET /hello.php HTTP/1.1" 200 170
::1 - - [31/Oct/2024:11:19:00 +0300] "GET /hello.php HTTP/1.1" 200 170
::1 - - [31/Oct/2024:11:19:01 +0300] "GET /hello.php HTTP/1.1" 200 170
::1 - - [31/Oct/2024:11:19:25 +0300] "GET /hello.php HTTP/1.1" 200 227
::1 - - [31/Oct/2024:11:19:34 +0300] "GET /hello.php HTTP/1.1" 200 247
::1 - - [31/Oct/2024:11:19:53 +0300] "GET /hello.php HTTP/1.1" 200 309
::1 - - [31/Oct/2024:11:20:01 +0300] "GET /hello.php HTTP/1.1" 200 317
::1 - - [31/Oct/2024:11:21:01 +0300] "-" 408 -
::1 - - [31/Oct/2024:11:22:43 +0300] "GET /hello.php HTTP/1.1" 200 317
::1 - - [31/Oct/2024:11:23:43 +0300] "-" 408 -
::1 - - [31/Oct/2024:11:35:54 +0300] "GET /hello.php HTTP/1.1" 200 136
::1 - - [31/Oct/2024:11:36:07 +0300] "GET /hello.php HTTP/1.1" 200 392
::1 - - [31/Oct/2024:11:37:07 +0300] "-" 408 -
::1 - - [31/Oct/2024:14:43:42 +0300] "GET /hello.php HTTP/1.1" 200 172
::1 - - [31/Oct/2024:14:44:03 +0300] "GET /hello.php HTTP/1.1" 200 436
::1 - - [31/Oct/2024:14:45:03 +0300] "-" 408 -
::1 - - [21/Jan/2025:10:30:55 +0300] "GET /favicon.ico HTTP/1.1" 404 196
::1 - - [21/Jan/2025:10:30:58 +0300] "GET / HTTP/1.1" 200 411
::1 - - [21/Jan/2025:10:30:58 +0300] "GET /favicon.ico HTTP/1.1" 404 196
::1 - - [21/Jan/2025:10:31:01 +0300] "GET / HTTP/1.1" 304 -
::1 - - [21/Jan/2025:10:31:58 +0300] "-" 408 -
::1 - - [21/Jan/2025:10:32:30 +0300] "GET /index.php HTTP/1.1" 200 3
::1 - - [21/Jan/2025:10:33:30 +0300] "-" 408 -
::1 - - [21/Jan/2025:10:52:13 +0300] "GET /index.php HTTP/1.1" 200 24
::1 - - [21/Jan/2025:10:52:15 +0300] "GET /index.php HTTP/1.1" 200 24
::1 - - [21/Jan/2025:10:52:31 +0300] "GET /index.php HTTP/1.1" 200 -
::1 - - [21/Jan/2025:10:52:32 +0300] "GET /index.php HTTP/1.1" 200 -
::1 - - [21/Jan/2025:10:53:31 +0300] "-" 408 -
::1 - - [21/Jan/2025:11:00:15 +0300] "GET /index.php HTTP/1.1" 200 13
::1 - - [21/Jan/2025:11:00:29 +0300] "GET /index.php HTTP/1.1" 200 6
::1 - - [21/Jan/2025:11:00:46 +0300] "GET /index.php HTTP/1.1" 200 214
::1 - - [21/Jan/2025:11:01:46 +0300] "-" 408 -
::1 - - [21/Jan/2025:11:06:28 +0300] "GET /index.php HTTP/1.1" 200 6
::1 - - [21/Jan/2025:11:07:28 +0300] "-" 408 -
::1 - - [21/Jan/2025:11:08:28 +0300] "GET /index.php HTTP/1.1" 200 -
::1 - - [21/Jan/2025:11:08:29 +0300] "GET /index.php HTTP/1.1" 200 -
::1 - - [21/Jan/2025:11:08:30 +0300] "GET /index.php HTTP/1.1" 200 -
::1 - - [21/Jan/2025:11:08:30 +0300] "GET /index.php HTTP/1.1" 200 -
::1 - - [21/Jan/2025:11:08:30 +0300] "GET /index.php HTTP/1.1" 200 -
::1 - - [21/Jan/2025:11:08:30 +0300] "GET /index.php HTTP/1.1" 200 -
::1 - - [21/Jan/2025:11:09:02 +0300] "GET /index.php HTTP/1.1" 200 -
::1 - - [21/Jan/2025:11:10:02 +0300] "-" 408 -
::1 - - [23/Jan/2025:09:10:19 +0300] "GET /favicon.ico HTTP/1.1" 404 196
::1 - - [23/Jan/2025:09:10:21 +0300] "GET /index.php HTTP/1.1" 200 -
::1 - - [23/Jan/2025:09:10:24 +0300] "GET /index.php HTTP/1.1" 200 -
::1 - - [23/Jan/2025:09:10:46 +0300] "GET /index.php HTTP/1.1" 200 -
::1 - - [23/Jan/2025:09:11:20 +0300] "GET /index.php HTTP/1.1" 200 32
::1 - - [23/Jan/2025:09:12:20 +0300] "-" 408 -
::1 - - [23/Jan/2025:09:26:48 +0300] "GET /vasilyev_book/1_chapter/index.php/ HTTP/1.1" 404 196
::1 - - [23/Jan/2025:09:27:01 +0300] "GET /study/vasilyev_book/1_chapter/index.php/ HTTP/1.1" 200 41
::1 - - [23/Jan/2025:09:28:01 +0300] "-" 408 -
::1 - - [23/Jan/2025:10:58:22 +0300] "GET /study/vasilyev_book/1_chapter/index.php/ HTTP/1.1" 200 107
::1 - - [23/Jan/2025:10:58:29 +0300] "GET /study/vasilyev_book/1_chapter/index.php/ HTTP/1.1" 200 107
::1 - - [23/Jan/2025:10:59:29 +0300] "-" 408 -
::1 - - [23/Jan/2025:11:02:12 +0300] "GET /study/vasilyev_book/1_chapter/index.php/ HTTP/1.1" 200 107
::1 - - [23/Jan/2025:11:02:14 +0300] "GET /study/vasilyev_book/1_chapter/index.php/ HTTP/1.1" 200 107
::1 - - [23/Jan/2025:11:02:14 +0300] "GET /study/vasilyev_book/1_chapter/index.php/ HTTP/1.1" 200 107
::1 - - [23/Jan/2025:11:02:14 +0300] "GET /study/vasilyev_book/1_chapter/index.php/ HTTP/1.1" 200 107
::1 - - [23/Jan/2025:11:02:14 +0300] "GET /study/vasilyev_book/1_chapter/index.php/ HTTP/1.1" 200 107
::1 - - [23/Jan/2025:11:02:42 +0300] "GET /study/vasilyev_book/1_chapter/index.php/ HTTP/1.1" 200 126
::1 - - [23/Jan/2025:11:03:42 +0300] "-" 408 -
::1 - - [23/Jan/2025:11:04:03 +0300] "GET /study/vasilyev_book/1_chapter/index.php/ HTTP/1.1" 404 196
::1 - - [23/Jan/2025:11:04:09 +0300] "GET /study/vasilev_book/1_chapter/index.php/ HTTP/1.1" 200 107
::1 - - [23/Jan/2025:11:05:09 +0300] "-" 408 -
::1 - - [23/Jan/2025:11:10:56 +0300] "GET /study/vasilev_book/2_chapter/index.php/ HTTP/1.1" 200 268
::1 - - [23/Jan/2025:11:11:02 +0300] "GET /study/vasilev_book/2_chapter/index.php/ HTTP/1.1" 200 268
::1 - - [23/Jan/2025:11:11:02 +0300] "GET /study/vasilev_book/2_chapter/index.php/ HTTP/1.1" 200 268
::1 - - [23/Jan/2025:11:11:03 +0300] "GET /study/vasilev_book/2_chapter/index.php/ HTTP/1.1" 200 268
::1 - - [23/Jan/2025:11:11:03 +0300] "GET /study/vasilev_book/2_chapter/index.php/ HTTP/1.1" 200 268
::1 - - [23/Jan/2025:11:11:03 +0300] "GET /study/vasilev_book/2_chapter/index.php/ HTTP/1.1" 200 268
::1 - - [23/Jan/2025:11:12:02 +0300] "-" 408 -
::1 - - [23/Jan/2025:11:25:59 +0300] "GET /study/vasilev_book/2_chapter/index.php/ HTTP/1.1" 200 270
::1 - - [23/Jan/2025:11:26:43 +0300] "GET /study/vasilev_book/2_chapter/index.php/ HTTP/1.1" 200 275
::1 - - [23/Jan/2025:11:27:43 +0300] "-" 408 -
::1 - - [23/Jan/2025:11:28:19 +0300] "GET /study/vasilev_book/2_chapter/index.php/ HTTP/1.1" 200 279
::1 - - [23/Jan/2025:11:29:19 +0300] "-" 408 -
::1 - - [23/Jan/2025:11:31:03 +0300] "GET /study/vasilev_book/2_chapter/index.php/ HTTP/1.1" 200 283
::1 - - [23/Jan/2025:11:31:04 +0300] "GET /study/vasilev_book/2_chapter/index.php/ HTTP/1.1" 200 283
::1 - - [23/Jan/2025:11:31:05 +0300] "GET /study/vasilev_book/2_chapter/index.php/ HTTP/1.1" 200 283
::1 - - [23/Jan/2025:11:31:05 +0300] "GET /study/vasilev_book/2_chapter/index.php/ HTTP/1.1" 200 283
::1 - - [23/Jan/2025:11:31:05 +0300] "GET /study/vasilev_book/2_chapter/index.php/ HTTP/1.1" 200 283
::1 - - [23/Jan/2025:11:31:20 +0300] "GET /study/vasilev_book/2_chapter/index.php/ HTTP/1.1" 200 287
::1 - - [23/Jan/2025:11:31:46 +0300] "GET /study/vasilev_book/2_chapter/index.php/ HTTP/1.1" 200 295
::1 - - [23/Jan/2025:11:32:46 +0300] "-" 408 -
::1 - - [23/Jan/2025:11:34:55 +0300] "GET /study/vasilev_book/2_chapter/index.php/ HTTP/1.1" 200 330
::1 - - [23/Jan/2025:11:35:01 +0300] "GET /study/vasilev_book/2_chapter/index.php/ HTTP/1.1" 200 331
::1 - - [23/Jan/2025:11:36:02 +0300] "-" 408 -
::1 - - [23/Jan/2025:11:52:48 +0300] "GET /study/vasilev_book/2_chapter/index.php/ HTTP/1.1" 200 365
::1 - - [23/Jan/2025:11:53:09 +0300] "GET /study/vasilev_book/2_chapter/index.php/ HTTP/1.1" 200 399
::1 - - [23/Jan/2025:11:54:09 +0300] "-" 408 -
::1 - - [23/Jan/2025:12:02:07 +0300] "GET /study/vasilev_book/2_chapter/index.php/ HTTP/1.1" 200 424
::1 - - [23/Jan/2025:12:02:35 +0300] "GET /study/vasilev_book/2_chapter/index.php/ HTTP/1.1" 200 449
::1 - - [23/Jan/2025:12:02:45 +0300] "GET /study/vasilev_book/2_chapter/index.php/ HTTP/1.1" 200 445
::1 - - [23/Jan/2025:12:03:45 +0300] "-" 408 -
::1 - - [23/Jan/2025:12:15:31 +0300] "GET /study/vasilev_book/2_chapter/index.php/ HTTP/1.1" 200 449
::1 - - [23/Jan/2025:12:15:32 +0300] "GET /study/vasilev_book/2_chapter/index.php/ HTTP/1.1" 200 448
::1 - - [23/Jan/2025:12:15:32 +0300] "GET /study/vasilev_book/2_chapter/index.php/ HTTP/1.1" 200 449
::1 - - [23/Jan/2025:12:15:33 +0300] "GET /study/vasilev_book/2_chapter/index.php/ HTTP/1.1" 200 449
::1 - - [23/Jan/2025:12:15:33 +0300] "GET /study/vasilev_book/2_chapter/index.php/ HTTP/1.1" 200 449
::1 - - [23/Jan/2025:12:15:33 +0300] "GET /study/vasilev_book/2_chapter/index.php/ HTTP/1.1" 200 449
::1 - - [23/Jan/2025:12:15:33 +0300] "GET /study/vasilev_book/2_chapter/index.php/ HTTP/1.1" 200 449
::1 - - [23/Jan/2025:12:15:51 +0300] "GET /study/vasilev_book/2_chapter/index.php/ HTTP/1.1" 200 449
::1 - - [23/Jan/2025:12:16:13 +0300] "GET /study/vasilev_book/2_chapter/index.php/ HTTP/1.1" 200 450
::1 - - [23/Jan/2025:12:17:13 +0300] "-" 408 -
::1 - - [23/Jan/2025:12:48:36 +0300] "GET /study/vasilev_book/2_chapter/index.php/ HTTP/1.1" 200 478
::1 - - [23/Jan/2025:12:49:36 +0300] "-" 408 -
::1 - - [23/Jan/2025:12:55:06 +0300] "GET /study/vasilev_book/2_chapter/index.php/ HTTP/1.1" 200 556
::1 - - [23/Jan/2025:12:55:34 +0300] "GET /study/vasilev_book/2_chapter/index.php/ HTTP/1.1" 200 564
::1 - - [23/Jan/2025:12:56:34 +0300] "-" 408 -
::1 - - [23/Jan/2025:16:02:22 +0300] "GET /study/vasilev_book/2_chapter/index.php/ HTTP/1.1" 200 669
::1 - - [23/Jan/2025:16:02:54 +0300] "GET /study/vasilev_book/2_chapter/index.php/ HTTP/1.1" 200 671
::1 - - [23/Jan/2025:16:03:03 +0300] "GET /study/vasilev_book/2_chapter/index.php/ HTTP/1.1" 200 672
::1 - - [23/Jan/2025:16:03:23 +0300] "GET /study/vasilev_book/2_chapter/index.php/ HTTP/1.1" 200 674
::1 - - [23/Jan/2025:16:03:29 +0300] "GET /study/vasilev_book/2_chapter/index.php/ HTTP/1.1" 200 675
::1 - - [23/Jan/2025:16:04:29 +0300] "-" 408 -
::1 - - [23/Jan/2025:16:05:15 +0300] "GET /study/vasilev_book/2_chapter/index.php/ HTTP/1.1" 200 809
::1 - - [23/Jan/2025:16:05:53 +0300] "GET /study/vasilev_book/2_chapter/index.php/ HTTP/1.1" 200 818
::1 - - [23/Jan/2025:16:06:12 +0300] "GET /study/vasilev_book/2_chapter/index.php/ HTTP/1.1" 200 815
::1 - - [23/Jan/2025:16:06:15 +0300] "GET /study/vasilev_book/2_chapter/index.php/ HTTP/1.1" 200 816
::1 - - [23/Jan/2025:16:07:12 +0300] "-" 408 -
::1 - - [23/Jan/2025:16:08:46 +0300] "GET /study/vasilev_book/2_chapter/index.php/ HTTP/1.1" 200 815
::1 - - [23/Jan/2025:16:08:46 +0300] "GET /study/vasilev_book/2_chapter/index.php/ HTTP/1.1" 200 814
::1 - - [23/Jan/2025:16:08:47 +0300] "GET /study/vasilev_book/2_chapter/index.php/ HTTP/1.1" 200 815
::1 - - [23/Jan/2025:16:08:47 +0300] "GET /study/vasilev_book/2_chapter/index.php/ HTTP/1.1" 200 815
::1 - - [23/Jan/2025:16:08:47 +0300] "GET /study/vasilev_book/2_chapter/index.php/ HTTP/1.1" 200 815
::1 - - [23/Jan/2025:16:09:46 +0300] "-" 408 -
::1 - - [23/Jan/2025:16:13:45 +0300] "GET /study/vasilev_book/2_chapter/index.php/ HTTP/1.1" 200 887
::1 - - [23/Jan/2025:16:14:20 +0300] "GET /study/vasilev_book/2_chapter/index.php/ HTTP/1.1" 200 895
::1 - - [23/Jan/2025:16:14:23 +0300] "GET /study/vasilev_book/2_chapter/index.php/ HTTP/1.1" 200 895
::1 - - [23/Jan/2025:16:14:23 +0300] "GET /study/vasilev_book/2_chapter/index.php/ HTTP/1.1" 200 895
::1 - - [23/Jan/2025:16:14:24 +0300] "GET /study/vasilev_book/2_chapter/index.php/ HTTP/1.1" 200 895
::1 - - [23/Jan/2025:16:14:45 +0300] "GET /study/vasilev_book/2_chapter/index.php/ HTTP/1.1" 200 923
::1 - - [23/Jan/2025:16:15:02 +0300] "GET /study/vasilev_book/2_chapter/index.php/ HTTP/1.1" 200 1123
::1 - - [23/Jan/2025:16:15:07 +0300] "GET /study/vasilev_book/2_chapter/index.php/ HTTP/1.1" 200 923
::1 - - [23/Jan/2025:16:16:02 +0300] "-" 408 -
::1 - - [23/Jan/2025:16:35:49 +0300] "GET /study/vasilev_book/2_chapter/index.php/ HTTP/1.1" 200 1158
::1 - - [23/Jan/2025:16:36:49 +0300] "-" 408 -
::1 - - [23/Jan/2025:16:52:54 +0300] "GET /study/vasilev_book/2_chapter/index.php/ HTTP/1.1" 200 1035
::1 - - [23/Jan/2025:16:53:54 +0300] "-" 408 -
::1 - - [23/Jan/2025:17:05:32 +0300] "GET /study/vasilev_book/2_chapter/index.php/ HTTP/1.1" 200 1084
::1 - - [23/Jan/2025:17:06:32 +0300] "-" 408 -
::1 - - [23/Jan/2025:17:08:01 +0300] "GET /study/vasilev_book/2_chapter/index.php/ HTTP/1.1" 200 1084
::1 - - [23/Jan/2025:17:09:01 +0300] "-" 408 -
::1 - - [23/Jan/2025:17:26:31 +0300] "GET /study/vasilev_book/2_chapter/index.php/ HTTP/1.1" 200 923
::1 - - [23/Jan/2025:17:26:32 +0300] "GET /study/vasilev_book/2_chapter/index.php/ HTTP/1.1" 200 923
::1 - - [23/Jan/2025:17:26:37 +0300] "GET /study/vasilev_book/3_chapter/index.php/ HTTP/1.1" 200 779
::1 - - [23/Jan/2025:17:27:01 +0300] "GET /study/vasilev_book/3_chapter/index.php/ HTTP/1.1" 200 374
::1 - - [23/Jan/2025:17:28:01 +0300] "-" 408 -
::1 - - [24/Jan/2025:09:06:44 +0300] "GET /study/vasilev_book/3_chapter/index.php/ HTTP/1.1" 200 374
::1 - - [24/Jan/2025:09:06:44 +0300] "GET /favicon.ico HTTP/1.1" 404 196
::1 - - [24/Jan/2025:09:07:16 +0300] "GET /study/vasilev_book/3_chapter/index.php/ HTTP/1.1" 200 380
::1 - - [24/Jan/2025:09:08:16 +0300] "-" 408 -
::1 - - [24/Jan/2025:09:41:02 +0300] "GET /study/vasilev_book/3_chapter/index.php/ HTTP/1.1" 200 447
::1 - - [24/Jan/2025:09:41:43 +0300] "GET /study/vasilev_book/3_chapter/index.php/ HTTP/1.1" 200 447
::1 - - [24/Jan/2025:09:42:43 +0300] "-" 408 -
::1 - - [24/Jan/2025:09:55:41 +0300] "GET /study/vasilev_book/3_chapter/index.php/ HTTP/1.1" 200 539
::1 - - [24/Jan/2025:09:56:41 +0300] "-" 408 -
::1 - - [24/Jan/2025:10:13:32 +0300] "GET /study/vasilev_book/3_chapter/index.php/ HTTP/1.1" 200 582
::1 - - [24/Jan/2025:10:13:41 +0300] "GET /study/vasilev_book/3_chapter/index.php/ HTTP/1.1" 200 586
::1 - - [24/Jan/2025:10:13:58 +0300] "GET /study/vasilev_book/3_chapter/index.php/ HTTP/1.1" 200 583
::1 - - [24/Jan/2025:10:14:58 +0300] "-" 408 -
::1 - - [24/Jan/2025:10:44:53 +0300] "GET /study/vasilev_book/3_chapter/index.php/ HTTP/1.1" 200 1044
::1 - - [24/Jan/2025:10:45:07 +0300] "GET /study/vasilev_book/3_chapter/index.php/ HTTP/1.1" 200 1064
::1 - - [24/Jan/2025:10:46:07 +0300] "-" 408 -
::1 - - [24/Jan/2025:10:48:52 +0300] "GET /study/vasilev_book/3_chapter/index.php/ HTTP/1.1" 200 1064
::1 - - [24/Jan/2025:10:48:53 +0300] "GET /study/vasilev_book/3_chapter/index.php/ HTTP/1.1" 200 1064
::1 - - [24/Jan/2025:10:48:54 +0300] "GET /study/vasilev_book/3_chapter/index.php/ HTTP/1.1" 200 1064
::1 - - [24/Jan/2025:10:49:52 +0300] "-" 408 -
::1 - - [24/Jan/2025:10:53:51 +0300] "GET /study/vasilev_book/3_chapter/index.php/ HTTP/1.1" 200 1549
::1 - - [24/Jan/2025:10:54:38 +0300] "GET /study/vasilev_book/3_chapter/index.php/ HTTP/1.1" 200 1593
::1 - - [24/Jan/2025:10:54:57 +0300] "GET /study/vasilev_book/3_chapter/index.php/ HTTP/1.1" 200 1601
::1 - - [24/Jan/2025:10:55:43 +0300] "GET /study/vasilev_book/3_chapter/index.php/ HTTP/1.1" 200 1597
::1 - - [24/Jan/2025:10:56:43 +0300] "-" 408 -
::1 - - [24/Jan/2025:11:19:28 +0300] "GET /study/vasilev_book/4_chapter/index.php/ HTTP/1.1" 200 -
::1 - - [24/Jan/2025:11:20:29 +0300] "-" 408 -
::1 - - [24/Jan/2025:11:29:30 +0300] "GET /favicon.ico HTTP/1.1" 404 196
::1 - - [24/Jan/2025:11:34:11 +0300] "GET /favicon.ico HTTP/1.1" 404 196
::1 - - [24/Jan/2025:11:35:11 +0300] "-" 408 -
::1 - - [24/Jan/2025:12:26:44 +0300] "GET /study/vasilev_book/4_chapter/index.php/ HTTP/1.1" 200 361
::1 - - [24/Jan/2025:12:27:44 +0300] "-" 408 -
::1 - - [24/Jan/2025:12:27:46 +0300] "GET /study/vasilev_book/4_chapter/index.php/ HTTP/1.1" 200 365
::1 - - [24/Jan/2025:12:28:46 +0300] "-" 408 -
::1 - - [24/Jan/2025:12:43:07 +0300] "GET /study/vasilev_book/4_chapter/index.php/ HTTP/1.1" 200 497
::1 - - [24/Jan/2025:12:44:07 +0300] "-" 408 -
::1 - - [24/Jan/2025:12:52:18 +0300] "GET /study/vasilev_book/4_chapter/index.php/ HTTP/1.1" 200 365
::1 - - [24/Jan/2025:12:53:18 +0300] "-" 408 -
::1 - - [24/Jan/2025:13:06:54 +0300] "GET /study/vasilev_book/4_chapter/index.php/ HTTP/1.1" 200 365
::1 - - [24/Jan/2025:13:07:54 +0300] "-" 408 -
::1 - - [24/Jan/2025:13:26:19 +0300] "GET /study/vasilev_book/4_chapter/index.php/ HTTP/1.1" 200 401
::1 - - [24/Jan/2025:13:26:46 +0300] "GET /study/vasilev_book/4_chapter/index.php/ HTTP/1.1" 200 401
::1 - - [24/Jan/2025:13:27:46 +0300] "-" 408 -
::1 - - [24/Jan/2025:13:29:02 +0300] "GET /study/vasilev_book/4_chapter/index.php/ HTTP/1.1" 200 405
::1 - - [24/Jan/2025:13:30:02 +0300] "-" 408 -
::1 - - [24/Jan/2025:13:48:21 +0300] "GET /study/vasilev_book/4_chapter/index.php/ HTTP/1.1" 200 423
::1 - - [24/Jan/2025:13:49:21 +0300] "-" 408 -
::1 - - [24/Jan/2025:13:50:18 +0300] "GET /study/vasilev_book/4_chapter/index.php/ HTTP/1.1" 200 427
::1 - - [24/Jan/2025:13:50:46 +0300] "GET /study/vasilev_book/4_chapter/index.php/ HTTP/1.1" 200 438
::1 - - [24/Jan/2025:13:51:04 +0300] "GET /study/vasilev_book/4_chapter/index.php/ HTTP/1.1" 200 442
::1 - - [24/Jan/2025:13:51:05 +0300] "GET /study/vasilev_book/4_chapter/index.php/ HTTP/1.1" 200 442
::1 - - [24/Jan/2025:13:51:06 +0300] "GET /study/vasilev_book/4_chapter/index.php/ HTTP/1.1" 200 442
::1 - - [24/Jan/2025:13:51:06 +0300] "GET /study/vasilev_book/4_chapter/index.php/ HTTP/1.1" 200 442
::1 - - [24/Jan/2025:13:51:07 +0300] "GET /study/vasilev_book/4_chapter/index.php/ HTTP/1.1" 200 442
::1 - - [24/Jan/2025:13:51:07 +0300] "GET /study/vasilev_book/4_chapter/index.php/ HTTP/1.1" 200 442
::1 - - [24/Jan/2025:13:51:07 +0300] "GET /study/vasilev_book/4_chapter/index.php/ HTTP/1.1" 200 442
::1 - - [24/Jan/2025:13:51:07 +0300] "GET /study/vasilev_book/4_chapter/index.php/ HTTP/1.1" 200 442
::1 - - [24/Jan/2025:13:51:07 +0300] "GET /study/vasilev_book/4_chapter/index.php/ HTTP/1.1" 200 442
::1 - - [24/Jan/2025:13:52:04 +0300] "-" 408 -
::1 - - [24/Jan/2025:13:54:50 +0300] "GET /study/vasilev_book/4_chapter/index.php/ HTTP/1.1" 200 588
::1 - - [24/Jan/2025:13:55:09 +0300] "GET /study/vasilev_book/4_chapter/index.php/ HTTP/1.1" 200 596
::1 - - [24/Jan/2025:13:55:51 +0300] "GET /study/vasilev_book/4_chapter/index.php/ HTTP/1.1" 200 596
::1 - - [24/Jan/2025:13:56:04 +0300] "GET /study/vasilev_book/4_chapter/index.php/ HTTP/1.1" 200 596
::1 - - [24/Jan/2025:13:56:26 +0300] "GET /study/vasilev_book/4_chapter/index.php/ HTTP/1.1" 200 658
::1 - - [24/Jan/2025:13:57:26 +0300] "-" 408 -
::1 - - [24/Jan/2025:14:00:39 +0300] "GET /study/vasilev_book/4_chapter/index.php/ HTTP/1.1" 200 874
::1 - - [24/Jan/2025:14:00:43 +0300] "GET /study/vasilev_book/4_chapter/index.php/ HTTP/1.1" 200 874
::1 - - [24/Jan/2025:14:01:39 +0300] "-" 408 -
::1 - - [24/Jan/2025:14:02:18 +0300] "GET /study/vasilev_book/4_chapter/index.php/ HTTP/1.1" 200 874
::1 - - [24/Jan/2025:14:03:18 +0300] "-" 408 -
::1 - - [24/Jan/2025:14:09:21 +0300] "GET /study/vasilev_book/4_chapter/index.php/ HTTP/1.1" 200 874
::1 - - [24/Jan/2025:14:09:54 +0300] "GET /study/vasilev_book/4_chapter/index.php/ HTTP/1.1" 200 821
::1 - - [24/Jan/2025:14:10:07 +0300] "GET /study/vasilev_book/4_chapter/index.php/ HTTP/1.1" 200 792
::1 - - [24/Jan/2025:14:11:07 +0300] "-" 408 -
::1 - - [27/Jan/2025:11:33:30 +0300] "GET /favicon.ico HTTP/1.1" 404 196
::1 - - [27/Jan/2025:11:33:31 +0300] "GET /study/vasilev_book/4_chapter/index.php/ HTTP/1.1" 200 792
::1 - - [27/Jan/2025:11:33:35 +0300] "GET /favicon.ico HTTP/1.1" 404 196
::1 - - [27/Jan/2025:11:33:37 +0300] "GET /study/vasilev_book/2_chapter/index.php/ HTTP/1.1" 200 923
::1 - - [27/Jan/2025:11:34:37 +0300] "-" 408 -
::1 - - [27/Jan/2025:11:34:57 +0300] "GET /study/vasilev_book/2_chapter/index.php/ HTTP/1.1" 200 965
::1 - - [27/Jan/2025:11:35:43 +0300] "GET /study/vasilev_book/2_chapter/index.php/ HTTP/1.1" 200 965
::1 - - [27/Jan/2025:11:35:45 +0300] "GET /study/vasilev_book/2_chapter/index.php/ HTTP/1.1" 200 965
::1 - - [27/Jan/2025:11:36:04 +0300] "GET /study/vasilev_book/2_chapter/index.php/ HTTP/1.1" 200 964
::1 - - [27/Jan/2025:11:36:17 +0300] "GET /study/vasilev_book/2_chapter/index.php/ HTTP/1.1" 200 965
::1 - - [27/Jan/2025:11:37:17 +0300] "-" 408 -
::1 - - [27/Jan/2025:11:42:45 +0300] "GET /study/vasilev_book/4_chapter/index.php/ HTTP/1.1" 200 934
::1 - - [27/Jan/2025:11:43:00 +0300] "GET /study/vasilev_book/4_chapter/index.php/ HTTP/1.1" 200 792
::1 - - [27/Jan/2025:11:43:25 +0300] "GET /study/vasilev_book/4_chapter/index.php/ HTTP/1.1" 200 832
::1 - - [27/Jan/2025:11:44:25 +0300] "-" 408 -
::1 - - [27/Jan/2025:11:52:54 +0300] "GET /study/vasilev_book/4_chapter/index.php/ HTTP/1.1" 200 943
::1 - - [27/Jan/2025:11:53:54 +0300] "-" 408 -
::1 - - [27/Jan/2025:12:42:21 +0300] "GET /study/vasilev_book/4_chapter/index.php/ HTTP/1.1" 200 964
::1 - - [27/Jan/2025:12:42:56 +0300] "GET /study/vasilev_book/4_chapter/index.php/ HTTP/1.1" 200 1043
::1 - - [27/Jan/2025:12:50:59 +0300] "GET /study/vasilev_book/4_chapter/index.php/ HTTP/1.1" 200 1208
::1 - - [27/Jan/2025:12:51:22 +0300] "GET /study/vasilev_book/4_chapter/index.php/ HTTP/1.1" 200 1212
::1 - - [27/Jan/2025:12:51:50 +0300] "GET /study/vasilev_book/4_chapter/index.php/ HTTP/1.1" 200 1267
::1 - - [27/Jan/2025:12:52:50 +0300] "-" 408 -
::1 - - [27/Jan/2025:14:21:17 +0300] "GET /study/vasilev_book/4_chapter/index.php/ HTTP/1.1" 200 1330
::1 - - [27/Jan/2025:14:21:18 +0300] "GET /study/vasilev_book/4_chapter/index.php/ HTTP/1.1" 200 1330
::1 - - [27/Jan/2025:14:35:15 +0300] "GET /study/vasilev_book/4_chapter/index.php/ HTTP/1.1" 200 1415
::1 - - [27/Jan/2025:14:36:15 +0300] "-" 408 -
::1 - - [27/Jan/2025:14:36:49 +0300] "GET /study/vasilev_book/4_chapter/index.php/ HTTP/1.1" 200 1861
::1 - - [27/Jan/2025:14:37:13 +0300] "GET /study/vasilev_book/4_chapter/index.php/ HTTP/1.1" 200 1861
::1 - - [27/Jan/2025:14:37:14 +0300] "GET /study/vasilev_book/4_chapter/index.php/ HTTP/1.1" 200 1861
::1 - - [27/Jan/2025:14:37:14 +0300] "GET /study/vasilev_book/4_chapter/index.php/ HTTP/1.1" 200 1861
::1 - - [27/Jan/2025:14:37:14 +0300] "GET /study/vasilev_book/4_chapter/index.php/ HTTP/1.1" 200 1861
::1 - - [27/Jan/2025:14:37:26 +0300] "GET /study/vasilev_book/4_chapter/index.php/ HTTP/1.1" 200 1895
::1 - - [27/Jan/2025:14:38:26 +0300] "-" 408 -
::1 - - [27/Jan/2025:14:52:12 +0300] "GET /study/vasilev_book/4_chapter/index.php/ HTTP/1.1" 200 1970
::1 - - [27/Jan/2025:14:52:13 +0300] "GET /study/vasilev_book/4_chapter/index.php/ HTTP/1.1" 200 1970
::1 - - [27/Jan/2025:14:52:37 +0300] "GET /study/vasilev_book/4_chapter/index.php/ HTTP/1.1" 200 1970
::1 - - [27/Jan/2025:14:52:38 +0300] "GET /study/vasilev_book/4_chapter/index.php/ HTTP/1.1" 200 1970
::1 - - [27/Jan/2025:14:53:37 +0300] "-" 408 -
::1 - - [27/Jan/2025:14:55:04 +0300] "GET /study/vasilev_book/4_chapter/index.php/ HTTP/1.1" 200 2272
::1 - - [27/Jan/2025:14:55:05 +0300] "GET /study/vasilev_book/4_chapter/index.php/ HTTP/1.1" 200 2272
::1 - - [27/Jan/2025:14:55:06 +0300] "GET /study/vasilev_book/4_chapter/index.php/ HTTP/1.1" 200 2272
::1 - - [27/Jan/2025:14:55:06 +0300] "GET /study/vasilev_book/4_chapter/index.php/ HTTP/1.1" 200 2272
::1 - - [27/Jan/2025:14:55:42 +0300] "GET /study/vasilev_book/4_chapter/index.php/ HTTP/1.1" 200 2097
::1 - - [27/Jan/2025:14:56:42 +0300] "-" 408 -
::1 - - [27/Jan/2025:15:06:33 +0300] "GET /study/vasilev_book/4_chapter/index.php/ HTTP/1.1" 200 2129
::1 - - [27/Jan/2025:15:07:33 +0300] "-" 408 -
::1 - - [27/Jan/2025:15:16:10 +0300] "GET /study/vasilev_book/4_chapter/index.php/ HTTP/1.1" 200 2150
::1 - - [27/Jan/2025:15:16:30 +0300] "GET /study/vasilev_book/4_chapter/index.php/ HTTP/1.1" 200 2159
::1 - - [27/Jan/2025:15:17:30 +0300] "-" 408 -
::1 - - [27/Jan/2025:15:29:53 +0300] "GET /study/vasilev_book/4_chapter/index.php/ HTTP/1.1" 200 2225
::1 - - [27/Jan/2025:15:30:53 +0300] "-" 408 -
::1 - - [27/Jan/2025:15:32:13 +0300] "GET /study/vasilev_book/4_chapter/index.php/ HTTP/1.1" 200 2300
::1 - - [27/Jan/2025:15:33:13 +0300] "-" 408 -
::1 - - [27/Jan/2025:15:34:30 +0300] "GET /study/vasilev_book/4_chapter/index.php/ HTTP/1.1" 200 2303
::1 - - [27/Jan/2025:15:35:30 +0300] "-" 408 -
::1 - - [28/Jan/2025:17:51:36 +0300] "GET /study/vasilev_book/4_chapter/index.php/ HTTP/1.1" 200 2392
::1 - - [28/Jan/2025:17:52:36 +0300] "-" 408 -
::1 - - [28/Jan/2025:17:53:38 +0300] "GET /study/vasilev_book/4_chapter/index.php/ HTTP/1.1" 200 2730
::1 - - [28/Jan/2025:17:54:05 +0300] "GET /study/vasilev_book/4_chapter/index.php/ HTTP/1.1" 200 2475
::1 - - [28/Jan/2025:17:54:06 +0300] "GET /study/vasilev_book/4_chapter/index.php/ HTTP/1.1" 200 2475
::1 - - [28/Jan/2025:17:54:18 +0300] "GET /study/vasilev_book/4_chapter/index.php/ HTTP/1.1" 200 2738
::1 - - [28/Jan/2025:17:55:18 +0300] "-" 408 -
::1 - - [28/Jan/2025:17:55:54 +0300] "GET /study/vasilev_book/4_chapter/index.php/ HTTP/1.1" 200 2743
::1 - - [28/Jan/2025:17:56:12 +0300] "GET /study/vasilev_book/4_chapter/index.php/ HTTP/1.1" 200 2475
::1 - - [28/Jan/2025:17:56:14 +0300] "GET /study/vasilev_book/4_chapter/index.php/ HTTP/1.1" 200 2475
::1 - - [28/Jan/2025:17:56:59 +0300] "GET /study/vasilev_book/4_chapter/index.php/ HTTP/1.1" 200 2617
::1 - - [28/Jan/2025:17:57:59 +0300] "-" 408 -
